<?xml version="1.0" encoding="UTF-8"?>
<testsuite name="cccFirstRefactor.RulesTest" tests="6" skipped="0" failures="0" errors="0" timestamp="2018-08-08T01:16:59" hostname="Todds-MacBook-Pro.local" time="0.01">
  <properties/>
  <testcase name="olderPeopleAreHumanToo" classname="cccFirstRefactor.RulesTest" time="0.007"/>
  <testcase name="toddlerIsThreeToFiveLowerBoundTest" classname="cccFirstRefactor.RulesTest" time="0.001"/>
  <testcase name="olderThanFiveIsHumanLowerBound" classname="cccFirstRefactor.RulesTest" time="0.0"/>
  <testcase name="babyIsTwoOrYounger" classname="cccFirstRefactor.RulesTest" time="0.001"/>
  <testcase name="newbornIsABaby" classname="cccFirstRefactor.RulesTest" time="0.0"/>
  <testcase name="toddlerIsThreeToFiveUpperBoundTest" classname="cccFirstRefactor.RulesTest" time="0.001"/>
  <system-out><![CDATA[returning test predicate for baby
returning test predicate for toddler
returning test predicate for human
Processing data using HumanRule...
returning test predicate for baby
returning test predicate for toddler
Processing data using ToddlerRule...
returning test predicate for baby
returning test predicate for toddler
returning test predicate for human
Processing data using HumanRule...
returning test predicate for baby
returning test predicate for baby
returning test predicate for baby
returning test predicate for toddler
Processing data using ToddlerRule...
]]></system-out>
  <system-err><![CDATA[]]></system-err>
</testsuite>
