<?xml version="1.0" encoding="UTF-8"?>
<testsuite name="bbbObjectWay.RulesTest" tests="6" skipped="0" failures="0" errors="0" timestamp="2018-08-08T01:16:59" hostname="Todds-MacBook-Pro.local" time="0.004">
  <properties/>
  <testcase name="olderPeopleAreHumanToo" classname="bbbObjectWay.RulesTest" time="0.002"/>
  <testcase name="toddlerIsThreeToFiveLowerBoundTest" classname="bbbObjectWay.RulesTest" time="0.0"/>
  <testcase name="olderThanFiveIsHumanLowerBound" classname="bbbObjectWay.RulesTest" time="0.0"/>
  <testcase name="babyIsTwoOrYounger" classname="bbbObjectWay.RulesTest" time="0.0"/>
  <testcase name="newbornIsABaby" classname="bbbObjectWay.RulesTest" time="0.0"/>
  <testcase name="toddlerIsThreeToFiveUpperBoundTest" classname="bbbObjectWay.RulesTest" time="0.0"/>
  <system-out><![CDATA[Processing data using HumanRule...
Processing data using ToddlerRule...
Processing data using HumanRule...
Processing data using BabyRule...
Processing data using BabyRule...
Processing data using ToddlerRule...
]]></system-out>
  <system-err><![CDATA[]]></system-err>
</testsuite>
