<?xml version="1.0" encoding="UTF-8"?>
<testsuite name="aaaBruteForce.RulesTest" tests="6" skipped="0" failures="0" errors="0" timestamp="2018-08-08T01:16:59" hostname="Todds-MacBook-Pro.local" time="0.042">
  <properties/>
  <testcase name="olderPeopleAreHumanToo" classname="aaaBruteForce.RulesTest" time="0.04"/>
  <testcase name="toddlerIsThreeToFiveLowerBoundTest" classname="aaaBruteForce.RulesTest" time="0.001"/>
  <testcase name="olderThanFiveIsHumanLowerBound" classname="aaaBruteForce.RulesTest" time="0.0"/>
  <testcase name="babyIsTwoOrYounger" classname="aaaBruteForce.RulesTest" time="0.0"/>
  <testcase name="newbornIsABaby" classname="aaaBruteForce.RulesTest" time="0.0"/>
  <testcase name="toddlerIsThreeToFiveUpperBoundTest" classname="aaaBruteForce.RulesTest" time="0.0"/>
  <system-out><![CDATA[Processing data for human...
Processing data for toddler...
Processing data for human...
Processing data for baby...
Processing data for baby...
Processing data for toddler...
]]></system-out>
  <system-err><![CDATA[]]></system-err>
</testsuite>
